0 info it worked if it ends with ok
1 verbose cli [ 'C:\\Program Files\\nodejs\\node.exe',
1 verbose cli   'C:\\Program Files\\nodejs\\node_modules\\npm\\bin\\npm-cli.js',
1 verbose cli   'start' ]
2 info using npm@3.10.10
3 info using node@v6.10.0
4 verbose run-script [ 'prestart', 'start', 'poststart' ]
5 info lifecycle comiditas@2.1.0~prestart: comiditas@2.1.0
6 silly lifecycle comiditas@2.1.0~prestart: no script for prestart, continuing
7 info lifecycle comiditas@2.1.0~start: comiditas@2.1.0
8 verbose lifecycle comiditas@2.1.0~start: unsafe-perm in lifecycle true
9 verbose lifecycle comiditas@2.1.0~start: PATH: C:\Program Files\nodejs\node_modules\npm\bin\node-gyp-bin;C:\Users\javig\WebstormProjects\Comiditas\node_modules\.bin;C:\ProgramData\Oracle\Java\javapath;C:\Windows\System32;C:\Windows;C:\Windows\System32\wbem;C:\Windows\System32\WindowsPowerShell\v1.0\;C:\Program Files\MATLAB\R2016a\runtime\win64;C:\Program Files\MATLAB\R2016a\bin;C:\Program Files (x86)\Calibre2\;C:\Program Files\nodejs\;C:\HashiCorp\Vagrant\bin;C:\Program Files\PuTTY\;C:\Program Files\Git\cmd;C:\Program Files (x86)\GnuPG\bin;C:\Users\javig\AppData\Local\Microsoft\WindowsApps;C:\Users\javig\AppData\Roaming\npm;C:\Users\javig\AppData\Local\atom\bin;C:\Users\javig\Desktop\platform-tools;%USERPROFILE%\AppData\Local\Microsoft\WindowsApps;
10 verbose lifecycle comiditas@2.1.0~start: CWD: C:\Users\javig\WebstormProjects\Comiditas
11 silly lifecycle comiditas@2.1.0~start: Args: [ '/d /s /c', 'webpack-dev-server' ]
12 silly lifecycle comiditas@2.1.0~start: Returned: code: 3221225786  signal: null
13 info lifecycle comiditas@2.1.0~start: Failed to exec start script
14 verbose stack Error: comiditas@2.1.0 start: `webpack-dev-server`
14 verbose stack Exit status 3221225786
14 verbose stack     at EventEmitter.<anonymous> (C:\Program Files\nodejs\node_modules\npm\lib\utils\lifecycle.js:255:16)
14 verbose stack     at emitTwo (events.js:106:13)
14 verbose stack     at EventEmitter.emit (events.js:191:7)
14 verbose stack     at ChildProcess.<anonymous> (C:\Program Files\nodejs\node_modules\npm\lib\utils\spawn.js:40:14)
14 verbose stack     at emitTwo (events.js:106:13)
14 verbose stack     at ChildProcess.emit (events.js:191:7)
14 verbose stack     at maybeClose (internal/child_process.js:877:16)
14 verbose stack     at Process.ChildProcess._handle.onexit (internal/child_process.js:226:5)
15 verbose pkgid comiditas@2.1.0
16 verbose cwd C:\Users\javig\WebstormProjects\Comiditas
17 error Windows_NT 10.0.16299
18 error argv "C:\\Program Files\\nodejs\\node.exe" "C:\\Program Files\\nodejs\\node_modules\\npm\\bin\\npm-cli.js" "start"
19 error node v6.10.0
20 error npm  v3.10.10
21 error code ELIFECYCLE
22 error comiditas@2.1.0 start: `webpack-dev-server`
22 error Exit status 3221225786
23 error Failed at the comiditas@2.1.0 start script 'webpack-dev-server'.
23 error Make sure you have the latest version of node.js and npm installed.
23 error If you do, this is most likely a problem with the comiditas package,
23 error not with npm itself.
23 error Tell the author that this fails on your system:
23 error     webpack-dev-server
23 error You can get information on how to open an issue for this project with:
23 error     npm bugs comiditas
23 error Or if that isn't available, you can get their info via:
23 error     npm owner ls comiditas
23 error There is likely additional logging output above.
24 verbose exit [ 1, true ]
